<?xml version="1.0" encoding="UTF-8"?>
<testng-results ignored="0" total="1" passed="1" failed="0" skipped="0">
  <reporter-output>
  </reporter-output>
  <suite started-at="2021-02-13T16:38:30 CET" name="SeleniumTest" finished-at="2021-02-13T16:38:30 CET" duration-ms="66">
    <groups>
    </groups>
    <test started-at="2021-02-13T16:38:30 CET" name="Command line test" finished-at="2021-02-13T16:38:30 CET" duration-ms="66">
      <class name="SeleniumTest">
        <test-method signature="sampleTest()[pri:0, instance:SeleniumTest@4b553d26]" started-at="2021-02-13T16:38:30 CET" name="sampleTest" finished-at="2021-02-13T16:38:30 CET" duration-ms="9" status="PASS">
          <reporter-output>
          </reporter-output>
        </test-method> <!-- sampleTest -->
      </class> <!-- SeleniumTest -->
    </test> <!-- Command line test -->
  </suite> <!-- SeleniumTest -->
</testng-results>
